#
# A fatal error has been detected by the Java Runtime Environment:
#
#  Internal Error (javaClasses.cpp:136), pid=1916, tid=2164
#  fatal error: Invalid layout of preloaded class
#
# JRE version:  (7.0_40-b43) (build )
# Java VM: Java HotSpot(TM) Client VM (24.0-b56 mixed mode windows-x86 )
# Failed to write core dump. Minidumps are not enabled by default on client versions of Windows
#
# If you would like to submit a bug report, please visit:
#   http://bugreport.sun.com/bugreport/crash.jsp
#

---------------  T H R E A D  ---------------

Current thread (0x0266bc00):  JavaThread "Unknown thread" [_thread_in_vm, id=2164, stack(0x02580000,0x025d0000)]

Stack: [0x02580000,0x025d0000],  sp=0x025cf498,  free space=317k
Native frames: (J=compiled Java code, j=interpreted, Vv=VM code, C=native code)
V  [jvm.dll+0x18db91]
V  [jvm.dll+0x187936]
V  [jvm.dll+0x3582a]
V  [jvm.dll+0x358b6]
V  [jvm.dll+0x43fdd]
V  [jvm.dll+0x4428e]
V  [jvm.dll+0x923fa]
V  [jvm.dll+0x927ab]
V  [jvm.dll+0x13d761]
V  [jvm.dll+0x16023c]
V  [jvm.dll+0xc8c5f]
C  [javaw.exe+0x13ce]
C  [javaw.exe+0x1e40]
C  [javaw.exe+0xa5b1]
C  [javaw.exe+0xa63b]
C  [KERNEL32.DLL+0x2850d]
C  [ntdll.dll+0x5bf39]
C  [ntdll.dll+0x5bf0c]


---------------  P R O C E S S  ---------------

Java Threads: ( => current thread )

Other Threads:

=>0x0266bc00 (exited) JavaThread "Unknown thread" [_thread_in_vm, id=2164, stack(0x02580000,0x025d0000)]

VM state:not at safepoint (not fully initialized)

VM Mutex/Monitor currently owned by a thread: None

GC Heap History (0 events):
No events

Deoptimization events (0 events):
No events

Internal exceptions (0 events):
No events

Events (10 events):
Event: 0.012 loading class 0x026aad48 done
Event: 0.012 loading class 0x026aa7d8 done
Event: 0.012 loading class 0x026aa7b8
Event: 0.012 loading class 0x026b1ae0
Event: 0.013 loading class 0x026b1ae0 done
Event: 0.013 loading class 0x026b1b10
Event: 0.013 loading class 0x026b1b10 done
Event: 0.013 loading class 0x026b1b40
Event: 0.013 loading class 0x026b1b40 done
Event: 0.013 loading class 0x026aa7b8 done


Dynamic libraries:
0x00e30000 - 0x00e5f000 	C:\Program Files (x86)\Java\jre7\bin\javaw.exe
0x77dd0000 - 0x77f27000 	C:\Windows\SYSTEM32\ntdll.dll
0x75dc0000 - 0x75ef0000 	C:\Windows\SYSTEM32\KERNEL32.DLL
0x779e0000 - 0x77a86000 	C:\Windows\SYSTEM32\KERNELBASE.dll
0x75990000 - 0x75a3e000 	C:\Windows\SYSTEM32\ADVAPI32.dll
0x75430000 - 0x75546000 	C:\Windows\SYSTEM32\USER32.dll
0x6d130000 - 0x6d328000 	C:\Windows\WinSxS\x86_microsoft.windows.common-controls_6595b64144ccf1df_6.0.9200.16579_none_8937eec6860750f5\COMCTL32.dll
0x75d00000 - 0x75db1000 	C:\Windows\SYSTEM32\msvcrt.dll
0x76270000 - 0x762a4000 	C:\Windows\SYSTEM32\sechost.dll
0x76610000 - 0x766bc000 	C:\Windows\SYSTEM32\RPCRT4.dll
0x75f40000 - 0x7603d000 	C:\Windows\SYSTEM32\GDI32.dll
0x75410000 - 0x7542c000 	C:\Windows\SYSTEM32\SspiCli.dll
0x75400000 - 0x75409000 	C:\Windows\SYSTEM32\CRYPTBASE.dll
0x753a0000 - 0x753f1000 	C:\Windows\SYSTEM32\bcryptPrimitives.dll
0x76250000 - 0x76270000 	C:\Windows\system32\IMM32.DLL
0x76480000 - 0x7655e000 	C:\Windows\SYSTEM32\MSCTF.dll
0x50100000 - 0x501be000 	C:\Program Files (x86)\Java\jre7\bin\msvcr100.dll
0x59220000 - 0x595a0000 	C:\Program Files (x86)\Java\jre7\bin\client\jvm.dll
0x6ef90000 - 0x6ef98000 	C:\Windows\SYSTEM32\WSOCK32.dll
0x74b30000 - 0x74b51000 	C:\Windows\SYSTEM32\WINMM.dll
0x75f30000 - 0x75f36000 	C:\Windows\SYSTEM32\PSAPI.DLL
0x777e0000 - 0x77830000 	C:\Windows\SYSTEM32\WS2_32.dll
0x74b00000 - 0x74b2b000 	C:\Windows\SYSTEM32\WINMMBASE.dll
0x76470000 - 0x76478000 	C:\Windows\SYSTEM32\NSI.dll
0x77790000 - 0x777d6000 	C:\Windows\SYSTEM32\cfgmgr32.dll
0x76560000 - 0x7657e000 	C:\Windows\SYSTEM32\DEVOBJ.dll
0x651b0000 - 0x651bc000 	C:\Program Files (x86)\Java\jre7\bin\verify.dll
0x5c580000 - 0x5c5a0000 	C:\Program Files (x86)\Java\jre7\bin\java.dll
0x5c4b0000 - 0x5c4c3000 	C:\Program Files (x86)\Java\jre7\bin\zip.dll
0x74d80000 - 0x74ea9000 	C:\Windows\SYSTEM32\dbghelp.dll

VM Arguments:
jvm_args: -Dfile.encoding=Cp1252 -Xbootclasspath:C:\Users\Marina\adt-bundle-windows-x86-20130917.zip\adt-bundle-windows-x86-20130917\sdk\platforms\android-18\android.jar 
java_command: com.example.triagetwo.Tests
Launcher Type: SUN_STANDARD

Environment Variables:
PATH=C:/Program Files (x86)/Java/jre7/bin/client;C:/Program Files (x86)/Java/jre7/bin;C:/Program Files (x86)/Java/jre7/lib/i386;C:\Program Files (x86)\Intel\iCLS Client\;C:\Program Files\Intel\iCLS Client\;C:\Windows\system32;C:\Windows;C:\Windows\System32\Wbem;C:\Windows\System32\WindowsPowerShell\v1.0\;C:\Program Files (x86)\Intel\OpenCL SDK\2.0\bin\x86;C:\Program Files (x86)\Intel\OpenCL SDK\2.0\bin\x64;C:\Program Files\Intel\Intel(R) Management Engine Components\DAL;C:\Program Files\Intel\Intel(R) Management Engine Components\IPT;C:\Program Files (x86)\Intel\Intel(R) Management Engine Components\DAL;C:\Program Files (x86)\Intel\Intel(R) Management Engine Components\IPT;C:\Program Files (x86)\EgisTec MyWinLocker\x64;C:\Program Files (x86)\EgisTec MyWinLocker\;C:\Users\Marina\AppData\Local\Smartbar\Application\;C:\Program Files (x86)\SlikSvn\bin\;C:\Program Files\TortoiseSVN\bin;C:\Users\Marina\adt-bundle-windows-x86-20130917.zip\adt-bundle-windows-x86-20130917\eclipse;
USERNAME=Marina
OS=Windows_NT
PROCESSOR_IDENTIFIER=Intel64 Family 6 Model 42 Stepping 7, GenuineIntel



---------------  S Y S T E M  ---------------

OS: Windows 8 , 64 bit Build 9200 

CPU:total 4 (2 cores per cpu, 2 threads per core) family 6 model 42 stepping 7, cmov, cx8, fxsr, mmx, sse, sse2, sse3, ssse3, sse4.1, sse4.2, popcnt, avx, ht, tsc, tscinvbit

Memory: 4k page, physical 8177252k(4833176k free), swap 13157988k(4749464k free)

vm_info: Java HotSpot(TM) Client VM (24.0-b56) for windows-x86 JRE (1.7.0_40-b43), built on Aug 26 2013 22:34:40 by "java_re" with unknown MS VC++:1600

time: Tue Nov 26 18:58:26 2013
elapsed time: 0 seconds

